# JRE version: OpenJDK Runtime Environment (21.0.7) (build 21.0.7+-13880790-b1038.58)
# Java VM: OpenJDK 64-Bit Server VM (21.0.7+-13880790-b1038.58, mixed mode, tiered, compressed oops, compressed class ptrs, g1 gc, windows-amd64)
GC Precious Log:
 CardTable entry size: 512
 Card Set container configuration: InlinePtr #cards 5 size 8 Array Of Cards #cards 12 size 40 Howl #buckets 4 coarsen threshold 1843 Howl Bitmap #cards 512 size 80 coarsen threshold 460 Card regions per heap region 1 cards per card region 2048
 CPUs: 8 total, 8 available
 Memory: 24469M
 Large Page Support: Disabled
 NUMA Support: Disabled
 Compressed Oops: Enabled (32-bit)
 Heap Region Size: 1M
 Heap Min Capacity: 8M
 Heap Initial Capacity: 384M
 Heap Max Capacity: 2G
 Pre-touch: Disabled
 Parallel Workers: 8
 Concurrent Workers: 2
 Concurrent Refinement Workers: 8
 Periodic GC: Disabled
Heap:
 garbage-first heap   total 431104K, used 281222K [0x0000000080000000, 0x0000000100000000)
  region size 1024K, 31 young (31744K), 17 survivors (17408K)
 Metaspace       used 264060K, committed 267008K, reserved 1310720K
  class space    used 34116K, committed 35648K, reserved 1048576K
GC Heap History (20 events):
Event: 151.309 GC heap before
{Heap before GC invocations=84 (full 0):
 garbage-first heap   total 418816K, used 274569K [0x0000000080000000, 0x0000000100000000)
  region size 1024K, 19 young (19456K), 9 survivors (9216K)
 Metaspace       used 270428K, committed 273152K, reserved 1310720K
  class space    used 35053K, committed 36352K, reserved 1048576K
}
Event: 151.314 GC heap after
{Heap after GC invocations=85 (full 0):
 garbage-first heap   total 418816K, used 266417K [0x0000000080000000, 0x0000000100000000)
  region size 1024K, 10 young (10240K), 10 survivors (10240K)
 Metaspace       used 270428K, committed 273152K, reserved 1310720K
  class space    used 35053K, committed 36352K, reserved 1048576K
}
Event: 152.563 GC heap before
{Heap before GC invocations=86 (full 0):
 garbage-first heap   total 427008K, used 358959K [0x0000000080000000, 0x0000000100000000)
  region size 1024K, 109 young (111616K), 10 survivors (10240K)
 Metaspace       used 273286K, committed 275968K, reserved 1310720K
  class space    used 35290K, committed 36608K, reserved 1048576K
}
Event: 152.575 GC heap after
{Heap after GC invocations=87 (full 0):
 garbage-first heap   total 427008K, used 264882K [0x0000000080000000, 0x0000000100000000)
  region size 1024K, 13 young (13312K), 13 survivors (13312K)
 Metaspace       used 273286K, committed 275968K, reserved 1310720K
  class space    used 35290K, committed 36608K, reserved 1048576K
}
Event: 153.538 GC heap before
{Heap before GC invocations=87 (full 0):
 garbage-first heap   total 427008K, used 371378K [0x0000000080000000, 0x0000000100000000)
  region size 1024K, 117 young (119808K), 13 survivors (13312K)
 Metaspace       used 278371K, committed 281088K, reserved 1310720K
  class space    used 36007K, committed 37312K, reserved 1048576K
}
Event: 153.555 GC heap after
{Heap after GC invocations=88 (full 0):
 garbage-first heap   total 427008K, used 242482K [0x0000000080000000, 0x0000000100000000)
  region size 1024K, 6 young (6144K), 6 survivors (6144K)
 Metaspace       used 278371K, committed 281088K, reserved 1310720K
  class space    used 36007K, committed 37312K, reserved 1048576K
}
Event: 154.261 GC heap before
{Heap before GC invocations=88 (full 0):
 garbage-first heap   total 427008K, used 288562K [0x0000000080000000, 0x0000000100000000)
  region size 1024K, 52 young (53248K), 6 survivors (6144K)
 Metaspace       used 278505K, committed 281216K, reserved 1310720K
  class space    used 36010K, committed 37312K, reserved 1048576K
}
Event: 154.268 GC heap after
{Heap after GC invocations=89 (full 0):
 garbage-first heap   total 427008K, used 247023K [0x0000000080000000, 0x0000000100000000)
  region size 1024K, 11 young (11264K), 11 survivors (11264K)
 Metaspace       used 278505K, committed 281216K, reserved 1310720K
  class space    used 36010K, committed 37312K, reserved 1048576K
}
Event: 154.916 GC heap before
{Heap before GC invocations=90 (full 0):
 garbage-first heap   total 427008K, used 370927K [0x0000000080000000, 0x0000000100000000)
  region size 1024K, 131 young (134144K), 11 survivors (11264K)
 Metaspace       used 262288K, committed 266368K, reserved 1310720K
  class space    used 33974K, committed 35584K, reserved 1048576K
}
Event: 154.923 GC heap after
{Heap after GC invocations=91 (full 0):
 garbage-first heap   total 427008K, used 251093K [0x0000000080000000, 0x0000000100000000)
  region size 1024K, 8 young (8192K), 8 survivors (8192K)
 Metaspace       used 262288K, committed 266368K, reserved 1310720K
  class space    used 33974K, committed 35584K, reserved 1048576K
}
Event: 155.515 GC heap before
{Heap before GC invocations=91 (full 0):
 garbage-first heap   total 427008K, used 374997K [0x0000000080000000, 0x0000000100000000)
  region size 1024K, 130 young (133120K), 8 survivors (8192K)
 Metaspace       used 262297K, committed 266368K, reserved 1310720K
  class space    used 33974K, committed 35584K, reserved 1048576K
}
Event: 155.537 GC heap after
{Heap after GC invocations=92 (full 0):
 garbage-first heap   total 427008K, used 250815K [0x0000000080000000, 0x0000000100000000)
  region size 1024K, 17 young (17408K), 17 survivors (17408K)
 Metaspace       used 262297K, committed 266368K, reserved 1310720K
  class space    used 33974K, committed 35584K, reserved 1048576K
}
Event: 155.993 GC heap before
{Heap before GC invocations=92 (full 0):
 garbage-first heap   total 427008K, used 377791K [0x0000000080000000, 0x0000000100000000)
  region size 1024K, 141 young (144384K), 17 survivors (17408K)
 Metaspace       used 262299K, committed 266368K, reserved 1310720K
  class space    used 33974K, committed 35584K, reserved 1048576K
}
Event: 156.005 GC heap after
{Heap after GC invocations=93 (full 0):
 garbage-first heap   total 427008K, used 257420K [0x0000000080000000, 0x0000000100000000)
  region size 1024K, 6 young (6144K), 6 survivors (6144K)
 Metaspace       used 262299K, committed 266368K, reserved 1310720K
  class space    used 33974K, committed 35584K, reserved 1048576K
}
Event: 156.740 GC heap before
{Heap before GC invocations=94 (full 0):
 garbage-first heap   total 430080K, used 384396K [0x0000000080000000, 0x0000000100000000)
  region size 1024K, 131 young (134144K), 6 survivors (6144K)
 Metaspace       used 262334K, committed 266368K, reserved 1310720K
  class space    used 33974K, committed 35584K, reserved 1048576K
}
Event: 156.748 GC heap after
{Heap after GC invocations=95 (full 0):
 garbage-first heap   total 430080K, used 262550K [0x0000000080000000, 0x0000000100000000)
  region size 1024K, 11 young (11264K), 11 survivors (11264K)
 Metaspace       used 262334K, committed 266368K, reserved 1310720K
  class space    used 33974K, committed 35584K, reserved 1048576K
}
Event: 389.036 GC heap before
{Heap before GC invocations=95 (full 0):
 garbage-first heap   total 430080K, used 412054K [0x0000000080000000, 0x0000000100000000)
  region size 1024K, 137 young (140288K), 11 survivors (11264K)
 Metaspace       used 262575K, committed 266432K, reserved 1310720K
  class space    used 33981K, committed 35584K, reserved 1048576K
}
Event: 389.053 GC heap after
{Heap after GC invocations=96 (full 0):
 garbage-first heap   total 431104K, used 255843K [0x0000000080000000, 0x0000000100000000)
  region size 1024K, 7 young (7168K), 7 survivors (7168K)
 Metaspace       used 262575K, committed 266432K, reserved 1310720K
  class space    used 33981K, committed 35584K, reserved 1048576K
}
Event: 390.638 GC heap before
{Heap before GC invocations=96 (full 0):
 garbage-first heap   total 431104K, used 335715K [0x0000000080000000, 0x0000000100000000)
  region size 1024K, 87 young (89088K), 7 survivors (7168K)
 Metaspace       used 262986K, committed 266496K, reserved 1310720K
  class space    used 33998K, committed 35584K, reserved 1048576K
}
Event: 390.652 GC heap after
{Heap after GC invocations=97 (full 0):
 garbage-first heap   total 431104K, used 265862K [0x0000000080000000, 0x0000000100000000)
  region size 1024K, 17 young (17408K), 17 survivors (17408K)
 Metaspace       used 262986K, committed 266496K, reserved 1310720K
  class space    used 33998K, committed 35584K, reserved 1048576K
}

